<?xml version="1.0" encoding="UTF-8"?>
<!-- Generated by org.testng.reporters.JUnitReportReporter -->
<testsuite hostname="ET-LV-CAB-0026.local" failures="0" tests="1" name="testcases.FlightBookingTest" time="8.751" errors="0" timestamp="19 Nov 2018 12:46:07 GMT">
  <testcase classname="testcases.FlightBookingTest" name="testThatResultsAppearForAOneWayJourney" time="8.751"/>
</testsuite> <!-- testcases.FlightBookingTest -->
