<?xml version="1.0" encoding="UTF-8"?>
<!-- Generated by org.testng.reporters.JUnitReportReporter -->
<testsuite hostname="ET-LV-CAB-0026.local" failures="0" tests="1" name="testcases.HotelBookingTest" time="14.493" errors="0" timestamp="19 Nov 2018 13:01:15 GMT">
  <testcase classname="testcases.HotelBookingTest" name="shouldBeAbleToSearchForHotels" time="14.493"/>
</testsuite> <!-- testcases.HotelBookingTest -->
