<?xml version="1.0" encoding="UTF-8"?>
<!-- Generated by org.testng.reporters.JUnitReportReporter -->
<testsuite hostname="ET-LV-CAB-0026.local" failures="0" tests="1" name="testcases.SignInTest" time="2.069" errors="0" timestamp="19 Nov 2018 12:51:09 GMT">
  <testcase classname="testcases.SignInTest" name="shouldThrowAnErrorIfSignInDetailsAreMissing" time="2.069"/>
</testsuite> <!-- testcases.SignInTest -->
